{"target": -5.274128, "params": {"split_1": 2, "split_2": 1, "soft_retain_percentile_2": 0.8452539034367385, "split_3": 1, "soft_retain_percentile_3": 0.669639046164232, "split_4": 2, "split_5": 2, "split_6": 0, "split_7": 0, "split_8": 0, "split_9": 0, "split_10": 0, "split_11": 0, "split_12": 2, "split_13": 1, "soft_retain_percentile_13": 0.9942239567053476}}
{"target": -6.269288, "params": {"split_1": 2, "split_2": 1, "soft_retain_percentile_2": 0.4550080076775792, "split_3": 1, "soft_retain_percentile_3": 0.35323182172597833, "split_4": 0, "split_5": 2, "split_6": 1, "soft_retain_percentile_6": 0.35886279550822364, "split_7": 0, "split_8": 1, "soft_retain_percentile_8": 0.5808829245316381, "split_9": 2, "split_10": 2, "split_11": 1, "soft_retain_percentile_11": 0.386845736975572, "split_12": 2, "split_13": 2}}
{"target": -5.396593, "params": {"split_1": 2, "split_2": 0, "split_3": 2, "split_4": 1, "soft_retain_percentile_4": 0.9506566024195239, "split_5": 1, "soft_retain_percentile_5": 0.5698335730624298, "split_6": 1, "soft_retain_percentile_6": 0.0423451775918684, "split_7": 0, "split_8": 2, "split_9": 0, "split_10": 0, "split_11": 0, "split_12": 0, "split_13": 1, "soft_retain_percentile_13": 0.8309662335684065}}
{"target": -8.794098, "params": {"split_1": 0, "split_2": 0, "split_3": 2, "split_4": 0, "split_5": 0, "split_6": 0, "split_7": 1, "soft_retain_percentile_7": 0.14196642137727122, "split_8": 0, "split_9": 1, "soft_retain_percentile_9": 0.5629763846530697, "split_10": 2, "split_11": 0, "split_12": 2, "split_13": 2}}
{"target": -14.096552, "params": {"split_1": 1, "soft_retain_percentile_1": 0.3427732737144137, "split_2": 1, "soft_retain_percentile_2": 0.023628197651679117, "split_3": 1, "soft_retain_percentile_3": 0.5480265862319179, "split_4": 0, "split_5": 1, "soft_retain_percentile_5": 0.9452539662675955, "split_6": 1, "soft_retain_percentile_6": 0.6216156414723759, "split_7": 1, "soft_retain_percentile_7": 0.11670223033989191, "split_8": 0, "split_9": 0, "split_10": 0, "split_11": 0, "split_12": 0, "split_13": 1, "soft_retain_percentile_13": 0.8489423312380148}}
{"target": -5.539063, "params": {"split_1": 2, "split_2": 2, "split_3": 1, "soft_retain_percentile_3": 0.5663716387213587, "split_4": 0, "split_5": 2, "split_6": 1, "soft_retain_percentile_6": 0.24208134645431378, "split_7": 0, "split_8": 1, "soft_retain_percentile_8": 0.8726857645418826, "split_9": 0, "split_10": 0, "split_11": 2, "split_12": 1, "soft_retain_percentile_12": 0.3301756838729498, "split_13": 2}}
{"target": -13.352646, "params": {"split_1": 0, "split_2": 0, "split_3": 0, "split_4": 1, "soft_retain_percentile_4": 0.9885558853008424, "split_5": 1, "soft_retain_percentile_5": 0.7754491098744533, "split_6": 1, "soft_retain_percentile_6": 0.2142198371377234, "split_7": 2, "split_8": 1, "soft_retain_percentile_8": 0.7715040350111378, "split_9": 1, "soft_retain_percentile_9": 0.7581201198237837, "split_10": 2, "split_11": 1, "soft_retain_percentile_11": 0.11340291076980191, "split_12": 1, "soft_retain_percentile_12": 0.7067112771529996, "split_13": 0}}
{"target": -9.949521, "params": {"split_1": 0, "split_2": 1, "soft_retain_percentile_2": 0.8832553332539738, "split_3": 0, "split_4": 2, "split_5": 1, "soft_retain_percentile_5": 0.9840680778866635, "split_6": 1, "soft_retain_percentile_6": 0.15854471619628463, "split_7": 2, "split_8": 0, "split_9": 2, "split_10": 2, "split_11": 2, "split_12": 1, "soft_retain_percentile_12": 0.6147276459679244, "split_13": 0}}
{"target": -9.797925, "params": {"split_1": 1, "soft_retain_percentile_1": 0.21088000565759268, "split_2": 0, "split_3": 2, "split_4": 2, "split_5": 1, "soft_retain_percentile_5": 0.7789493446249236, "split_6": 1, "soft_retain_percentile_6": 0.6187299548344871, "split_7": 1, "soft_retain_percentile_7": 0.07047857807154145, "split_8": 0, "split_9": 2, "split_10": 0, "split_11": 0, "split_12": 2, "split_13": 1, "soft_retain_percentile_13": 0.5519733224566433}}
{"target": -11.981785, "params": {"split_1": 0, "split_2": 0, "split_3": 1, "soft_retain_percentile_3": 0.06223358641723664, "split_4": 0, "split_5": 2, "split_6": 0, "split_7": 0, "split_8": 2, "split_9": 0, "split_10": 2, "split_11": 1, "soft_retain_percentile_11": 0.5796815984937103, "split_12": 1, "soft_retain_percentile_12": 0.5958261508992775, "split_13": 0}}
{"target": -7.628335, "params": {"split_1": 1, "soft_retain_percentile_1": 0.9547820044398145, "split_2": 2, "split_3": 0, "split_4": 1, "soft_retain_percentile_4": 0.04336412848081905, "split_5": 0, "split_6": 2, "split_7": 2, "split_8": 2, "split_9": 1, "soft_retain_percentile_9": 0.11699787519183269, "split_10": 1, "soft_retain_percentile_10": 0.1632517466088459, "split_11": 2, "split_12": 0, "split_13": 1, "soft_retain_percentile_13": 0.07844754340918447}}
{"target": -5.807507, "params": {"split_1": 2, "split_2": 1, "soft_retain_percentile_2": 0.9845060320114549, "split_3": 2, "split_4": 1, "soft_retain_percentile_4": 0.8123851547403079, "split_5": 2, "split_6": 0, "split_7": 0, "split_8": 2, "split_9": 0, "split_10": 1, "soft_retain_percentile_10": 0.932228690101867, "split_11": 0, "split_12": 0, "split_13": 1, "soft_retain_percentile_13": 0.9955009077744649}}
{"target": -6.031722, "params": {"split_1": 2, "split_2": 1, "soft_retain_percentile_2": 0.543356628658309, "split_3": 2, "split_4": 2, "split_5": 1, "soft_retain_percentile_5": 0.22220623042424736, "split_6": 2, "split_7": 0, "split_8": 1, "soft_retain_percentile_8": 0.026050226093745854, "split_9": 0, "split_10": 0, "split_11": 0, "split_12": 0, "split_13": 1, "soft_retain_percentile_13": 0.7489198469370869}}
{"target": -5.814711, "params": {"split_1": 2, "split_2": 2, "split_3": 1, "soft_retain_percentile_3": 0.8572398999909094, "split_4": 1, "soft_retain_percentile_4": 0.4350033198484634, "split_5": 0, "split_6": 0, "split_7": 1, "soft_retain_percentile_7": 0.9757244447666806, "split_8": 2, "split_9": 1, "soft_retain_percentile_9": 0.05846818821809252, "split_10": 1, "soft_retain_percentile_10": 0.04777266669581265, "split_11": 1, "soft_retain_percentile_11": 0.8906964693708991, "split_12": 2, "split_13": 1, "soft_retain_percentile_13": 0.6876374437348425}}
{"target": -8.08283, "params": {"split_1": 1, "soft_retain_percentile_1": 0.9810925876587704, "split_2": 0, "split_3": 2, "split_4": 2, "split_5": 2, "split_6": 2, "split_7": 0, "split_8": 1, "soft_retain_percentile_8": 0.027767628275532974, "split_9": 0, "split_10": 0, "split_11": 0, "split_12": 1, "soft_retain_percentile_12": 0.021076960740374517, "split_13": 1, "soft_retain_percentile_13": 0.9895733346861877}}
{"target": -5.18491, "params": {"split_1": 2, "split_2": 1, "soft_retain_percentile_2": 0.029025711964583645, "split_3": 1, "soft_retain_percentile_3": 0.9384007857059058, "split_4": 1, "soft_retain_percentile_4": 0.5330497334559011, "split_5": 1, "soft_retain_percentile_5": 0.2375707122017534, "split_6": 0, "split_7": 0, "split_8": 2, "split_9": 0, "split_10": 1, "soft_retain_percentile_10": 0.9618699170953775, "split_11": 0, "split_12": 2, "split_13": 2}}
{"target": -5.618485, "params": {"split_1": 2, "split_2": 1, "soft_retain_percentile_2": 0.025784790247422862, "split_3": 1, "soft_retain_percentile_3": 0.9936493924518941, "split_4": 2, "split_5": 2, "split_6": 0, "split_7": 1, "soft_retain_percentile_7": 0.7557807852831764, "split_8": 0, "split_9": 1, "soft_retain_percentile_9": 0.9688147204355557, "split_10": 1, "soft_retain_percentile_10": 0.9808402634404755, "split_11": 1, "soft_retain_percentile_11": 0.9772593158077141, "split_12": 2, "split_13": 2}}
{"target": -1000000000.0, "params": {"split_1": 1, "soft_retain_percentile_1": 0.5509104949535877, "split_2": 1, "soft_retain_percentile_2": 0.4135368404326973, "split_3": 1, "soft_retain_percentile_3": 0.7888969717470878, "split_4": 1, "soft_retain_percentile_4": 0.5051947049007508, "split_5": 0, "split_6": 0, "split_7": 0, "split_8": 1, "soft_retain_percentile_8": 0.392704026114013, "split_9": 0, "split_10": 1, "soft_retain_percentile_10": 0.5053571648713682, "split_11": 0, "split_12": 2, "split_13": 2}}
{"target": -7.05935, "params": {"split_1": 2, "split_2": 2, "split_3": 0, "split_4": 2, "split_5": 1, "soft_retain_percentile_5": 0.034825043260506144, "split_6": 0, "split_7": 1, "soft_retain_percentile_7": 0.5064097464688734, "split_8": 1, "soft_retain_percentile_8": 0.29941456568188307, "split_9": 1, "soft_retain_percentile_9": 0.4184865900046172, "split_10": 1, "soft_retain_percentile_10": 0.5913278330501234, "split_11": 1, "soft_retain_percentile_11": 0.06810839030648713, "split_12": 2, "split_13": 2}}
{"target": -9.25941, "params": {"split_1": 1, "soft_retain_percentile_1": 0.05405908128887599, "split_2": 1, "soft_retain_percentile_2": 0.7091691953205739, "split_3": 1, "soft_retain_percentile_3": 0.5948576761582648, "split_4": 1, "soft_retain_percentile_4": 0.03169749879344108, "split_5": 2, "split_6": 0, "split_7": 0, "split_8": 2, "split_9": 0, "split_10": 1, "soft_retain_percentile_10": 0.5796659925480928, "split_11": 0, "split_12": 2, "split_13": 0}}
{"target": -5.427822, "params": {"split_1": 2, "split_2": 2, "split_3": 0, "split_4": 2, "split_5": 1, "soft_retain_percentile_5": 0.3920996614429073, "split_6": 0, "split_7": 0, "split_8": 0, "split_9": 0, "split_10": 0, "split_11": 0, "split_12": 1, "soft_retain_percentile_12": 0.9955520628465133, "split_13": 2}}
{"target": -5.998997, "params": {"split_1": 2, "split_2": 0, "split_3": 2, "split_4": 1, "soft_retain_percentile_4": 0.5785015600845919, "split_5": 1, "soft_retain_percentile_5": 0.4362058710422006, "split_6": 1, "soft_retain_percentile_6": 0.9767734733079894, "split_7": 0, "split_8": 2, "split_9": 0, "split_10": 0, "split_11": 0, "split_12": 1, "soft_retain_percentile_12": 0.021766848996510713, "split_13": 1, "soft_retain_percentile_13": 0.48904290187874333}}
{"target": -4.953058, "params": {"split_1": 2, "split_2": 1, "soft_retain_percentile_2": 0.2680162410959517, "split_3": 1, "soft_retain_percentile_3": 0.7581902927071171, "split_4": 1, "soft_retain_percentile_4": 0.7046570047667895, "split_5": 1, "soft_retain_percentile_5": 0.5147785297549088, "split_6": 0, "split_7": 0, "split_8": 2, "split_9": 0, "split_10": 0, "split_11": 0, "split_12": 0, "split_13": 1, "soft_retain_percentile_13": 0.8100893494193885}}
{"target": -5.004786, "params": {"split_1": 2, "split_2": 1, "soft_retain_percentile_2": 0.22097559223371122, "split_3": 1, "soft_retain_percentile_3": 0.7776143319755515, "split_4": 1, "soft_retain_percentile_4": 0.7064129522960853, "split_5": 0, "split_6": 0, "split_7": 0, "split_8": 2, "split_9": 0, "split_10": 0, "split_11": 0, "split_12": 2, "split_13": 0}}
{"target": -4.932424, "params": {"split_1": 2, "split_2": 1, "soft_retain_percentile_2": 0.2073383359364331, "split_3": 1, "soft_retain_percentile_3": 0.9479828075322453, "split_4": 1, "soft_retain_percentile_4": 0.6954020713853569, "split_5": 0, "split_6": 0, "split_7": 0, "split_8": 2, "split_9": 0, "split_10": 0, "split_11": 0, "split_12": 1, "soft_retain_percentile_12": 0.9960072298791628, "split_13": 0}}
{"target": -4.97731, "params": {"split_1": 2, "split_2": 1, "soft_retain_percentile_2": 0.26508836035885514, "split_3": 1, "soft_retain_percentile_3": 0.7628979897861942, "split_4": 1, "soft_retain_percentile_4": 0.7336857398758907, "split_5": 0, "split_6": 0, "split_7": 0, "split_8": 2, "split_9": 0, "split_10": 0, "split_11": 0, "split_12": 0, "split_13": 0}}
{"target": -6.198261, "params": {"split_1": 2, "split_2": 1, "soft_retain_percentile_2": 0.2552805285081621, "split_3": 1, "soft_retain_percentile_3": 0.745359758712023, "split_4": 1, "soft_retain_percentile_4": 0.7336245197188185, "split_5": 0, "split_6": 0, "split_7": 1, "soft_retain_percentile_7": 0.4481326751174201, "split_8": 2, "split_9": 1, "soft_retain_percentile_9": 0.3194338149625955, "split_10": 0, "split_11": 1, "soft_retain_percentile_11": 0.6356427307958092, "split_12": 0, "split_13": 0}}
{"target": -9.544219, "params": {"split_1": 1, "soft_retain_percentile_1": 0.6343394452606789, "split_2": 1, "soft_retain_percentile_2": 0.22334826248082246, "split_3": 1, "soft_retain_percentile_3": 0.8964647867605402, "split_4": 1, "soft_retain_percentile_4": 0.7875849917399155, "split_5": 0, "split_6": 0, "split_7": 0, "split_8": 2, "split_9": 0, "split_10": 0, "split_11": 0, "split_12": 0, "split_13": 0}}
{"target": -5.487372, "params": {"split_1": 2, "split_2": 2, "split_3": 0, "split_4": 1, "soft_retain_percentile_4": 0.32979998455401255, "split_5": 0, "split_6": 0, "split_7": 0, "split_8": 2, "split_9": 0, "split_10": 0, "split_11": 0, "split_12": 0, "split_13": 0}}
{"target": -4.918746, "params": {"split_1": 2, "split_2": 1, "soft_retain_percentile_2": 0.31781396453080035, "split_3": 1, "soft_retain_percentile_3": 0.687731580044648, "split_4": 0, "split_5": 0, "split_6": 0, "split_7": 0, "split_8": 2, "split_9": 0, "split_10": 0, "split_11": 0, "split_12": 0, "split_13": 0}}
{"target": -6.820426, "params": {"split_1": 2, "split_2": 1, "soft_retain_percentile_2": 0.37493365399815043, "split_3": 1, "soft_retain_percentile_3": 0.4172470816414079, "split_4": 0, "split_5": 0, "split_6": 0, "split_7": 1, "soft_retain_percentile_7": 0.4224274441354972, "split_8": 2, "split_9": 1, "soft_retain_percentile_9": 0.9830564474025972, "split_10": 0, "split_11": 1, "soft_retain_percentile_11": 0.33164269862011075, "split_12": 0, "split_13": 0}}
{"target": -4.941459, "params": {"split_1": 2, "split_2": 1, "soft_retain_percentile_2": 0.29114491890035393, "split_3": 1, "soft_retain_percentile_3": 0.6975578233991467, "split_4": 0, "split_5": 0, "split_6": 0, "split_7": 0, "split_8": 2, "split_9": 0, "split_10": 0, "split_11": 0, "split_12": 0, "split_13": 0}}
{"target": -4.927643, "params": {"split_1": 2, "split_2": 1, "soft_retain_percentile_2": 0.1521074689608232, "split_3": 1, "soft_retain_percentile_3": 0.659025627716341, "split_4": 0, "split_5": 0, "split_6": 0, "split_7": 0, "split_8": 2, "split_9": 0, "split_10": 0, "split_11": 0, "split_12": 0, "split_13": 0}}
{"target": -4.940798, "params": {"split_1": 2, "split_2": 1, "soft_retain_percentile_2": 0.14497257787945855, "split_3": 1, "soft_retain_percentile_3": 0.6411466187427973, "split_4": 0, "split_5": 0, "split_6": 0, "split_7": 0, "split_8": 2, "split_9": 0, "split_10": 0, "split_11": 0, "split_12": 0, "split_13": 0}}
{"target": -5.174348, "params": {"split_1": 2, "split_2": 1, "soft_retain_percentile_2": 0.1326334522351429, "split_3": 1, "soft_retain_percentile_3": 0.4346816624046826, "split_4": 0, "split_5": 0, "split_6": 0, "split_7": 0, "split_8": 2, "split_9": 0, "split_10": 0, "split_11": 0, "split_12": 0, "split_13": 0}}
{"target": -4.926684, "params": {"split_1": 2, "split_2": 1, "soft_retain_percentile_2": 0.12424506894947504, "split_3": 1, "soft_retain_percentile_3": 0.6470973858451242, "split_4": 0, "split_5": 0, "split_6": 0, "split_7": 0, "split_8": 2, "split_9": 0, "split_10": 0, "split_11": 0, "split_12": 1, "soft_retain_percentile_12": 0.9967182009540251, "split_13": 0}}
{"target": -5.027445, "params": {"split_1": 2, "split_2": 1, "soft_retain_percentile_2": 0.1448330064325707, "split_3": 1, "soft_retain_percentile_3": 0.4927299916516249, "split_4": 0, "split_5": 0, "split_6": 0, "split_7": 0, "split_8": 2, "split_9": 0, "split_10": 0, "split_11": 0, "split_12": 1, "soft_retain_percentile_12": 0.964898427629925, "split_13": 0}}
{"target": -6.708947, "params": {"split_1": 2, "split_2": 1, "soft_retain_percentile_2": 0.11831304246640637, "split_3": 1, "soft_retain_percentile_3": 0.24125129610236795, "split_4": 0, "split_5": 0, "split_6": 1, "soft_retain_percentile_6": 0.9900112834897985, "split_7": 0, "split_8": 1, "soft_retain_percentile_8": 0.9871599005424065, "split_9": 0, "split_10": 0, "split_11": 0, "split_12": 1, "soft_retain_percentile_12": 0.8423504344730742, "split_13": 0}}
{"target": -9.714036, "params": {"split_1": 1, "soft_retain_percentile_1": 0.6305498418069739, "split_2": 0, "split_3": 1, "soft_retain_percentile_3": 0.8362817898999713, "split_4": 0, "split_5": 0, "split_6": 0, "split_7": 0, "split_8": 2, "split_9": 0, "split_10": 0, "split_11": 0, "split_12": 1, "soft_retain_percentile_12": 0.8287589916668342, "split_13": 0}}
{"target": -6.828499, "params": {"split_1": 2, "split_2": 1, "soft_retain_percentile_2": 0.35311471394761074, "split_3": 0, "split_4": 0, "split_5": 0, "split_6": 1, "soft_retain_percentile_6": 0.6899499568332983, "split_7": 0, "split_8": 2, "split_9": 0, "split_10": 0, "split_11": 0, "split_12": 1, "soft_retain_percentile_12": 0.9972197040114548, "split_13": 0}}
{"target": -5.892195, "params": {"split_1": 2, "split_2": 1, "soft_retain_percentile_2": 0.5186478246478399, "split_3": 2, "split_4": 0, "split_5": 0, "split_6": 0, "split_7": 1, "soft_retain_percentile_7": 0.959136918426208, "split_8": 1, "soft_retain_percentile_8": 0.6124443587252, "split_9": 1, "soft_retain_percentile_9": 0.6697501250121268, "split_10": 0, "split_11": 1, "soft_retain_percentile_11": 0.7425131632271438, "split_12": 1, "soft_retain_percentile_12": 0.8137508609390026, "split_13": 0}}
{"target": -4.958142, "params": {"split_1": 2, "split_2": 1, "soft_retain_percentile_2": 0.15394708890524927, "split_3": 1, "soft_retain_percentile_3": 0.6416243731833828, "split_4": 0, "split_5": 0, "split_6": 0, "split_7": 0, "split_8": 2, "split_9": 0, "split_10": 0, "split_11": 0, "split_12": 0, "split_13": 0}}
{"target": -4.957069, "params": {"split_1": 2, "split_2": 1, "soft_retain_percentile_2": 0.09588694003394369, "split_3": 1, "soft_retain_percentile_3": 0.659389960152495, "split_4": 0, "split_5": 0, "split_6": 0, "split_7": 0, "split_8": 2, "split_9": 0, "split_10": 0, "split_11": 0, "split_12": 0, "split_13": 0}}
{"target": -5.076823, "params": {"split_1": 2, "split_2": 1, "soft_retain_percentile_2": 0.198049891534222, "split_3": 1, "soft_retain_percentile_3": 0.5957565474934461, "split_4": 0, "split_5": 0, "split_6": 0, "split_7": 0, "split_8": 2, "split_9": 0, "split_10": 0, "split_11": 0, "split_12": 0, "split_13": 0}}
{"target": -5.023989, "params": {"split_1": 2, "split_2": 1, "soft_retain_percentile_2": 0.07131435898260743, "split_3": 1, "soft_retain_percentile_3": 0.48869553947923794, "split_4": 0, "split_5": 0, "split_6": 0, "split_7": 0, "split_8": 2, "split_9": 0, "split_10": 0, "split_11": 0, "split_12": 1, "soft_retain_percentile_12": 0.8656789904758713, "split_13": 0}}
{"target": -4.930912, "params": {"split_1": 2, "split_2": 1, "soft_retain_percentile_2": 0.18797653059445063, "split_3": 1, "soft_retain_percentile_3": 0.690257723996907, "split_4": 0, "split_5": 0, "split_6": 0, "split_7": 0, "split_8": 2, "split_9": 0, "split_10": 0, "split_11": 0, "split_12": 0, "split_13": 0}}
{"target": -6.189459, "params": {"split_1": 2, "split_2": 1, "soft_retain_percentile_2": 0.32890494838306245, "split_3": 1, "soft_retain_percentile_3": 0.7181289548484119, "split_4": 0, "split_5": 0, "split_6": 1, "soft_retain_percentile_6": 0.4428795643143656, "split_7": 0, "split_8": 2, "split_9": 2, "split_10": 0, "split_11": 0, "split_12": 0, "split_13": 0}}
{"target": -5.18668, "params": {"split_1": 2, "split_2": 0, "split_3": 1, "soft_retain_percentile_3": 0.6772308911782222, "split_4": 0, "split_5": 0, "split_6": 0, "split_7": 0, "split_8": 2, "split_9": 0, "split_10": 0, "split_11": 0, "split_12": 1, "soft_retain_percentile_12": 0.44609283169613456, "split_13": 0}}
{"target": -6.906779, "params": {"split_1": 1, "soft_retain_percentile_1": 0.7867891451055853, "split_2": 2, "split_3": 1, "soft_retain_percentile_3": 0.8300730676028667, "split_4": 0, "split_5": 0, "split_6": 0, "split_7": 0, "split_8": 2, "split_9": 0, "split_10": 0, "split_11": 2, "split_12": 0, "split_13": 0}}
{"target": -5.775861, "params": {"split_1": 2, "split_2": 1, "soft_retain_percentile_2": 0.19201025947706246, "split_3": 2, "split_4": 0, "split_5": 0, "split_6": 0, "split_7": 2, "split_8": 2, "split_9": 0, "split_10": 0, "split_11": 0, "split_12": 1, "soft_retain_percentile_12": 0.6994853726336527, "split_13": 0}}
{"target": -5.162233, "params": {"split_1": 2, "split_2": 1, "soft_retain_percentile_2": 0.3014799632124453, "split_3": 0, "split_4": 0, "split_5": 0, "split_6": 0, "split_7": 0, "split_8": 2, "split_9": 0, "split_10": 1, "soft_retain_percentile_10": 0.3202010430997097, "split_11": 0, "split_12": 0, "split_13": 0}}
{"target": -4.937648, "params": {"split_1": 2, "split_2": 1, "soft_retain_percentile_2": 0.18663294094566857, "split_3": 1, "soft_retain_percentile_3": 0.6333226780526227, "split_4": 0, "split_5": 0, "split_6": 0, "split_7": 0, "split_8": 2, "split_9": 0, "split_10": 0, "split_11": 0, "split_12": 0, "split_13": 0}}
{"target": -5.087656, "params": {"split_1": 2, "split_2": 1, "soft_retain_percentile_2": 0.07077926825237388, "split_3": 1, "soft_retain_percentile_3": 0.5206046088201263, "split_4": 0, "split_5": 0, "split_6": 0, "split_7": 0, "split_8": 2, "split_9": 0, "split_10": 0, "split_11": 0, "split_12": 0, "split_13": 0}}
{"target": -5.102675, "params": {"split_1": 2, "split_2": 1, "soft_retain_percentile_2": 0.19044773722571728, "split_3": 1, "soft_retain_percentile_3": 0.6032789268370948, "split_4": 0, "split_5": 0, "split_6": 0, "split_7": 0, "split_8": 2, "split_9": 0, "split_10": 0, "split_11": 0, "split_12": 0, "split_13": 0}}
{"target": -4.991496, "params": {"split_1": 2, "split_2": 1, "soft_retain_percentile_2": 0.4675949627831141, "split_3": 1, "soft_retain_percentile_3": 0.6982366388132825, "split_4": 0, "split_5": 0, "split_6": 0, "split_7": 0, "split_8": 2, "split_9": 0, "split_10": 0, "split_11": 0, "split_12": 0, "split_13": 0}}
