{"target": -6.231779, "params": {"split_1": 2, "split_2": 1, "soft_retain_percentile_2": 0.7116707485161007, "split_3": 0, "split_4": 0, "split_5": 0, "split_6": 1, "soft_retain_percentile_6": 0.08364680449234779, "split_7": 0, "split_8": 1, "soft_retain_percentile_8": 0.20245082810547402, "split_9": 2, "split_10": 0, "split_11": 1, "soft_retain_percentile_11": 0.6985460968319807, "split_12": 0, "split_13": 1, "soft_retain_percentile_13": 0.8008610808063537}}
{"target": -7.173347, "params": {"split_1": 2, "split_2": 1, "soft_retain_percentile_2": 0.9110035268196396, "split_3": 0, "split_4": 2, "split_5": 0, "split_6": 1, "soft_retain_percentile_6": 0.6239838174156945, "split_7": 0, "split_8": 1, "soft_retain_percentile_8": 0.012269359914496096, "split_9": 2, "split_10": 2, "split_11": 0, "split_12": 0, "split_13": 1, "soft_retain_percentile_13": 0.6071573260057094}}
{"target": -6.687989, "params": {"split_1": 0, "split_2": 2, "split_3": 0, "split_4": 1, "soft_retain_percentile_4": 0.29434127401019494, "split_5": 0, "split_6": 2, "split_7": 0, "split_8": 1, "soft_retain_percentile_8": 0.3003783732392451, "split_9": 1, "soft_retain_percentile_9": 0.36136915622312354, "split_10": 0, "split_11": 1, "soft_retain_percentile_11": 0.8828805234150062, "split_12": 0, "split_13": 0}}
{"target": -5.350423, "params": {"split_1": 2, "split_2": 1, "soft_retain_percentile_2": 0.617453781165651, "split_3": 1, "soft_retain_percentile_3": 0.4837090414923978, "split_4": 2, "split_5": 0, "split_6": 1, "soft_retain_percentile_6": 0.25960106048071535, "split_7": 0, "split_8": 1, "soft_retain_percentile_8": 0.1628551725576896, "split_9": 2, "split_10": 0, "split_11": 0, "split_12": 0, "split_13": 1, "soft_retain_percentile_13": 0.33844647997711025}}
{"target": -8.150263, "params": {"split_1": 2, "split_2": 1, "soft_retain_percentile_2": 0.5169323804364515, "split_3": 1, "soft_retain_percentile_3": 0.4267416739176465, "split_4": 2, "split_5": 0, "split_6": 1, "soft_retain_percentile_6": 0.3451186866082152, "split_7": 0, "split_8": 1, "soft_retain_percentile_8": 0.1627437621037172, "split_9": 2, "split_10": 0, "split_11": 0, "split_12": 0, "split_13": 1, "soft_retain_percentile_13": 0.29310816305168297}}
{"target": -5.337654, "params": {"split_1": 2, "split_2": 1, "soft_retain_percentile_2": 0.7446005609740505, "split_3": 1, "soft_retain_percentile_3": 0.469501141031407, "split_4": 2, "split_5": 0, "split_6": 1, "soft_retain_percentile_6": 0.1755608423704016, "split_7": 0, "split_8": 1, "soft_retain_percentile_8": 0.1975932665776411, "split_9": 2, "split_10": 0, "split_11": 0, "split_12": 0, "split_13": 1, "soft_retain_percentile_13": 0.43408576430892976}}
{"target": -5.339205, "params": {"split_1": 2, "split_2": 1, "soft_retain_percentile_2": 0.7614797274017004, "split_3": 1, "soft_retain_percentile_3": 0.163950018417688, "split_4": 2, "split_5": 0, "split_6": 1, "soft_retain_percentile_6": 0.176185252336808, "split_7": 0, "split_8": 1, "soft_retain_percentile_8": 0.06583240605830501, "split_9": 2, "split_10": 0, "split_11": 0, "split_12": 0, "split_13": 1, "soft_retain_percentile_13": 0.4238817800061731}}
{"target": -5.35323, "params": {"split_1": 2, "split_2": 1, "soft_retain_percentile_2": 0.6933499267707465, "split_3": 1, "soft_retain_percentile_3": 0.12826179777872282, "split_4": 2, "split_5": 0, "split_6": 1, "soft_retain_percentile_6": 0.21280092745114934, "split_7": 0, "split_8": 1, "soft_retain_percentile_8": 0.20050641993152277, "split_9": 2, "split_10": 0, "split_11": 0, "split_12": 0, "split_13": 1, "soft_retain_percentile_13": 0.4296017028730936}}
{"target": -5.371305, "params": {"split_1": 2, "split_2": 1, "soft_retain_percentile_2": 0.7819515233896794, "split_3": 0, "split_4": 2, "split_5": 0, "split_6": 1, "soft_retain_percentile_6": 0.06309016574083352, "split_7": 0, "split_8": 1, "soft_retain_percentile_8": 0.05979799206114442, "split_9": 2, "split_10": 1, "soft_retain_percentile_10": 0.731203231641933, "split_11": 0, "split_12": 0, "split_13": 1, "soft_retain_percentile_13": 0.25266640101122206}}
{"target": -5.459947, "params": {"split_1": 2, "split_2": 1, "soft_retain_percentile_2": 0.6098329036575105, "split_3": 1, "soft_retain_percentile_3": 0.1287978176507021, "split_4": 2, "split_5": 0, "split_6": 1, "soft_retain_percentile_6": 0.16553787157338276, "split_7": 0, "split_8": 1, "soft_retain_percentile_8": 0.3117672276465287, "split_9": 2, "split_10": 0, "split_11": 0, "split_12": 1, "soft_retain_percentile_12": 0.23594948898720008, "split_13": 1, "soft_retain_percentile_13": 0.4008238945120458}}
{"target": -7.893005, "params": {"split_1": 2, "split_2": 1, "soft_retain_percentile_2": 0.6665949295784871, "split_3": 1, "soft_retain_percentile_3": 0.11435827488311989, "split_4": 1, "soft_retain_percentile_4": 0.45422258867299203, "split_5": 0, "split_6": 1, "soft_retain_percentile_6": 0.2916148491300441, "split_7": 0, "split_8": 1, "soft_retain_percentile_8": 0.21444056535735215, "split_9": 2, "split_10": 0, "split_11": 2, "split_12": 0, "split_13": 1, "soft_retain_percentile_13": 0.5384782361197401}}
{"target": -5.36434, "params": {"split_1": 2, "split_2": 1, "soft_retain_percentile_2": 0.472130362879508, "split_3": 1, "soft_retain_percentile_3": 0.65424423819534, "split_4": 2, "split_5": 0, "split_6": 1, "soft_retain_percentile_6": 0.11638100366736556, "split_7": 0, "split_8": 1, "soft_retain_percentile_8": 0.8808277444303441, "split_9": 2, "split_10": 0, "split_11": 0, "split_12": 0, "split_13": 1, "soft_retain_percentile_13": 0.21771625860219584}}
