{"target": -13.081812, "params": {"split_1": 0, "split_2": 1, "soft_retain_percentile_2": 0.17148399256663854, "split_3": 1, "soft_retain_percentile_3": 0.5675242163345283, "split_4": 0, "split_5": 0, "split_6": 0, "split_7": 0, "split_8": 2, "split_9": 0, "split_10": 0, "split_11": 0, "split_12": 1, "soft_retain_percentile_12": 0.9060081818576067, "split_13": 0}}
{"target": -5.728207, "params": {"split_1": 2, "split_2": 1, "soft_retain_percentile_2": 0.07968884128267525, "split_3": 1, "soft_retain_percentile_3": 0.30516317664719783, "split_4": 0, "split_5": 0, "split_6": 1, "soft_retain_percentile_6": 0.8305521788657373, "split_7": 0, "split_8": 2, "split_9": 0, "split_10": 2, "split_11": 0, "split_12": 0, "split_13": 0}}
{"target": -5.714363, "params": {"split_1": 2, "split_2": 1, "soft_retain_percentile_2": 0.25450943179468266, "split_3": 1, "soft_retain_percentile_3": 0.9897254848470312, "split_4": 0, "split_5": 0, "split_6": 0, "split_7": 0, "split_8": 1, "soft_retain_percentile_8": 0.24478563128051078, "split_9": 0, "split_10": 0, "split_11": 0, "split_12": 0, "split_13": 0}}
{"target": -5.130641, "params": {"split_1": 2, "split_2": 0, "split_3": 1, "soft_retain_percentile_3": 0.8924745001023489, "split_4": 0, "split_5": 0, "split_6": 0, "split_7": 0, "split_8": 2, "split_9": 0, "split_10": 0, "split_11": 0, "split_12": 1, "soft_retain_percentile_12": 0.708157762391822, "split_13": 0}}
{"target": -4.917579, "params": {"split_1": 2, "split_2": 1, "soft_retain_percentile_2": 0.02310746848065215, "split_3": 1, "soft_retain_percentile_3": 0.6347495701958853, "split_4": 0, "split_5": 0, "split_6": 0, "split_7": 0, "split_8": 2, "split_9": 0, "split_10": 0, "split_11": 0, "split_12": 0, "split_13": 1, "soft_retain_percentile_13": 0.0073356744649314964}}
