{"target": -67.830148, "params": {"split_1": 0, "split_2": 2, "split_3": 1, "soft_retain_percentile_3": 0.29723244731175624, "split_4": 2, "split_5": 1, "soft_retain_percentile_5": 0.9829958862673274, "split_6": 0, "split_7": 1, "soft_retain_percentile_7": 0.45416036575621166, "split_8": 0, "split_9": 2, "split_10": 2, "split_11": 1, "soft_retain_percentile_11": 0.8943587492032117, "split_12": 0, "split_13": 2}}
{"target": -53.38962, "params": {"split_1": 2, "split_2": 0, "split_3": 2, "split_4": 2, "split_5": 0, "split_6": 1, "soft_retain_percentile_6": 0.35510378691072575, "split_7": 0, "split_8": 0, "split_9": 0, "split_10": 0, "split_11": 2, "split_12": 1, "soft_retain_percentile_12": 0.7834755581893286, "split_13": 2}}
{"target": -52.801329, "params": {"split_1": 2, "split_2": 1, "soft_retain_percentile_2": 0.3040447798146517, "split_3": 2, "split_4": 0, "split_5": 2, "split_6": 1, "soft_retain_percentile_6": 0.8886532129413156, "split_7": 1, "soft_retain_percentile_7": 0.4375058967775477, "split_8": 1, "soft_retain_percentile_8": 0.6294674371249669, "split_9": 1, "soft_retain_percentile_9": 0.43970131052600436, "split_10": 0, "split_11": 2, "split_12": 1, "soft_retain_percentile_12": 0.44988935866269164, "split_13": 1, "soft_retain_percentile_13": 0.09034605828167719}}
{"target": -64.860867, "params": {"split_1": 1, "soft_retain_percentile_1": 0.9810725583665927, "split_2": 1, "soft_retain_percentile_2": 0.41535632836778047, "split_3": 2, "split_4": 1, "soft_retain_percentile_4": 0.570277641005267, "split_5": 1, "soft_retain_percentile_5": 0.042719922855770975, "split_6": 2, "split_7": 2, "split_8": 0, "split_9": 0, "split_10": 1, "soft_retain_percentile_10": 0.7230605794048177, "split_11": 1, "soft_retain_percentile_11": 0.9522879268876739, "split_12": 2, "split_13": 1, "soft_retain_percentile_13": 0.20086712639016646}}
{"target": -58.372552, "params": {"split_1": 1, "soft_retain_percentile_1": 0.879306449276687, "split_2": 2, "split_3": 2, "split_4": 1, "soft_retain_percentile_4": 0.4751990057340376, "split_5": 0, "split_6": 0, "split_7": 2, "split_8": 0, "split_9": 0, "split_10": 2, "split_11": 0, "split_12": 1, "soft_retain_percentile_12": 0.42314518599943063, "split_13": 1, "soft_retain_percentile_13": 0.7111322999669262}}
{"target": -71.615759, "params": {"split_1": 0, "split_2": 2, "split_3": 0, "split_4": 2, "split_5": 2, "split_6": 1, "soft_retain_percentile_6": 0.2572161692578818, "split_7": 1, "soft_retain_percentile_7": 0.5308773589679844, "split_8": 2, "split_9": 2, "split_10": 0, "split_11": 2, "split_12": 0, "split_13": 2}}
{"target": -60.560274, "params": {"split_1": 0, "split_2": 2, "split_3": 1, "soft_retain_percentile_3": 0.008985012717805385, "split_4": 0, "split_5": 2, "split_6": 0, "split_7": 1, "soft_retain_percentile_7": 0.8133427085100455, "split_8": 1, "soft_retain_percentile_8": 0.4707871606395996, "split_9": 0, "split_10": 1, "soft_retain_percentile_10": 0.8581435681782831, "split_11": 1, "soft_retain_percentile_11": 0.7615688973702834, "split_12": 0, "split_13": 0}}
{"target": -49.437746, "params": {"split_1": 2, "split_2": 2, "split_3": 0, "split_4": 1, "soft_retain_percentile_4": 0.4464091140770444, "split_5": 2, "split_6": 2, "split_7": 2, "split_8": 2, "split_9": 0, "split_10": 0, "split_11": 0, "split_12": 0, "split_13": 0}}
{"target": -43.687585, "params": {"split_1": 2, "split_2": 0, "split_3": 0, "split_4": 2, "split_5": 2, "split_6": 1, "soft_retain_percentile_6": 0.7860412603167239, "split_7": 2, "split_8": 0, "split_9": 0, "split_10": 2, "split_11": 2, "split_12": 0, "split_13": 0}}
{"target": -74.102999, "params": {"split_1": 1, "soft_retain_percentile_1": 0.8720982877248454, "split_2": 1, "soft_retain_percentile_2": 0.2654803473937738, "split_3": 2, "split_4": 2, "split_5": 2, "split_6": 2, "split_7": 1, "soft_retain_percentile_7": 0.07499471498808741, "split_8": 1, "soft_retain_percentile_8": 0.638346341755648, "split_9": 1, "soft_retain_percentile_9": 0.9784370460418259, "split_10": 1, "soft_retain_percentile_10": 0.41278072065979954, "split_11": 0, "split_12": 2, "split_13": 2}}
{"target": -107.583593, "params": {"split_1": 1, "soft_retain_percentile_1": 0.06340869318434333, "split_2": 0, "split_3": 1, "soft_retain_percentile_3": 0.9770447725098512, "split_4": 0, "split_5": 1, "soft_retain_percentile_5": 0.4213463399111457, "split_6": 1, "soft_retain_percentile_6": 0.9999514812520407, "split_7": 0, "split_8": 2, "split_9": 1, "soft_retain_percentile_9": 0.051899054506768294, "split_10": 2, "split_11": 1, "soft_retain_percentile_11": 0.043742323917537795, "split_12": 2, "split_13": 0}}
{"target": -45.905674, "params": {"split_1": 2, "split_2": 0, "split_3": 0, "split_4": 1, "soft_retain_percentile_4": 0.06513533601849847, "split_5": 2, "split_6": 2, "split_7": 2, "split_8": 2, "split_9": 0, "split_10": 1, "soft_retain_percentile_10": 0.0822129638418555, "split_11": 0, "split_12": 0, "split_13": 0}}
{"target": -44.838434, "params": {"split_1": 2, "split_2": 0, "split_3": 0, "split_4": 1, "soft_retain_percentile_4": 0.007516968673364821, "split_5": 1, "soft_retain_percentile_5": 0.9518483431397191, "split_6": 2, "split_7": 2, "split_8": 1, "soft_retain_percentile_8": 0.10517956333012662, "split_9": 1, "soft_retain_percentile_9": 0.8426224402426676, "split_10": 1, "soft_retain_percentile_10": 0.050387778004124674, "split_11": 2, "split_12": 0, "split_13": 0}}
{"target": -42.105942, "params": {"split_1": 2, "split_2": 0, "split_3": 0, "split_4": 1, "soft_retain_percentile_4": 0.9928914915598297, "split_5": 1, "soft_retain_percentile_5": 0.9876535854305883, "split_6": 1, "soft_retain_percentile_6": 0.6197312125398695, "split_7": 2, "split_8": 1, "soft_retain_percentile_8": 0.02233577533872555, "split_9": 1, "soft_retain_percentile_9": 0.9736469921293598, "split_10": 2, "split_11": 2, "split_12": 1, "soft_retain_percentile_12": 0.02751828615216173, "split_13": 0}}
{"target": -43.764224, "params": {"split_1": 2, "split_2": 0, "split_3": 0, "split_4": 2, "split_5": 1, "soft_retain_percentile_5": 0.5544319254695264, "split_6": 1, "soft_retain_percentile_6": 0.5989591814126043, "split_7": 2, "split_8": 1, "soft_retain_percentile_8": 0.14726006889155696, "split_9": 1, "soft_retain_percentile_9": 0.5692609617232431, "split_10": 2, "split_11": 2, "split_12": 1, "soft_retain_percentile_12": 0.040216769477629935, "split_13": 1, "soft_retain_percentile_13": 0.9822084545095264}}
{"target": -43.34969, "params": {"split_1": 2, "split_2": 1, "soft_retain_percentile_2": 0.9485817578143195, "split_3": 1, "soft_retain_percentile_3": 0.8996449966532063, "split_4": 1, "soft_retain_percentile_4": 0.9559917339791082, "split_5": 0, "split_6": 1, "soft_retain_percentile_6": 0.62075525751652, "split_7": 2, "split_8": 0, "split_9": 2, "split_10": 2, "split_11": 2, "split_12": 1, "soft_retain_percentile_12": 0.9464709500371922, "split_13": 0}}
{"target": -74.881029, "params": {"split_1": 1, "soft_retain_percentile_1": 0.025583325510698918, "split_2": 1, "soft_retain_percentile_2": 0.9951349665946143, "split_3": 1, "soft_retain_percentile_3": 0.8904866556291533, "split_4": 1, "soft_retain_percentile_4": 0.9778227721048647, "split_5": 0, "split_6": 1, "soft_retain_percentile_6": 0.555279974574456, "split_7": 2, "split_8": 1, "soft_retain_percentile_8": 0.9652088893501574, "split_9": 2, "split_10": 2, "split_11": 2, "split_12": 1, "soft_retain_percentile_12": 0.9386979168519511, "split_13": 0}}
{"target": -57.719772, "params": {"split_1": 2, "split_2": 1, "soft_retain_percentile_2": 0.9719022029165802, "split_3": 1, "soft_retain_percentile_3": 0.6017052107574988, "split_4": 1, "soft_retain_percentile_4": 0.9938977692601249, "split_5": 0, "split_6": 0, "split_7": 1, "soft_retain_percentile_7": 0.9919269325398923, "split_8": 0, "split_9": 2, "split_10": 2, "split_11": 1, "soft_retain_percentile_11": 0.2963673840199131, "split_12": 1, "soft_retain_percentile_12": 0.12378987647984208, "split_13": 1, "soft_retain_percentile_13": 0.47568811879406614}}
{"target": -98.167284, "params": {"split_1": 1, "soft_retain_percentile_1": 0.4975435069063947, "split_2": 1, "soft_retain_percentile_2": 0.6561465586997113, "split_3": 1, "soft_retain_percentile_3": 0.5862736866395334, "split_4": 0, "split_5": 0, "split_6": 1, "soft_retain_percentile_6": 0.6205785792913494, "split_7": 2, "split_8": 1, "soft_retain_percentile_8": 0.9670107092473139, "split_9": 2, "split_10": 2, "split_11": 2, "split_12": 1, "soft_retain_percentile_12": 0.6309740202171592, "split_13": 0}}
{"target": -41.510906, "params": {"split_1": 2, "split_2": 1, "soft_retain_percentile_2": 0.04641565285594573, "split_3": 1, "soft_retain_percentile_3": 0.02353241454579119, "split_4": 1, "soft_retain_percentile_4": 0.7484656660229339, "split_5": 1, "soft_retain_percentile_5": 0.002941089687658105, "split_6": 0, "split_7": 2, "split_8": 0, "split_9": 1, "soft_retain_percentile_9": 0.05615177489458889, "split_10": 1, "soft_retain_percentile_10": 0.4838966501510796, "split_11": 1, "soft_retain_percentile_11": 0.5321298772070717, "split_12": 2, "split_13": 1, "soft_retain_percentile_13": 0.4347254981618208}}
{"target": -46.376493, "params": {"split_1": 2, "split_2": 0, "split_3": 0, "split_4": 0, "split_5": 1, "soft_retain_percentile_5": 0.07529172471521778, "split_6": 0, "split_7": 1, "soft_retain_percentile_7": 0.02299070764554173, "split_8": 1, "soft_retain_percentile_8": 0.3215950121083737, "split_9": 1, "soft_retain_percentile_9": 0.01055525883469241, "split_10": 1, "soft_retain_percentile_10": 0.4994109979187532, "split_11": 1, "soft_retain_percentile_11": 0.515271178016394, "split_12": 2, "split_13": 1, "soft_retain_percentile_13": 0.41588037109026}}
{"target": -41.353882, "params": {"split_1": 2, "split_2": 1, "soft_retain_percentile_2": 0.007420195526527673, "split_3": 1, "soft_retain_percentile_3": 0.013786219829607102, "split_4": 1, "soft_retain_percentile_4": 0.8091064374027925, "split_5": 1, "soft_retain_percentile_5": 0.6267349337649681, "split_6": 0, "split_7": 2, "split_8": 0, "split_9": 1, "soft_retain_percentile_9": 0.3228723480706036, "split_10": 1, "soft_retain_percentile_10": 0.9862951188000806, "split_11": 1, "soft_retain_percentile_11": 0.5562453332731527, "split_12": 2, "split_13": 1, "soft_retain_percentile_13": 0.98408239262656}}
{"target": -41.419376, "params": {"split_1": 2, "split_2": 1, "soft_retain_percentile_2": 0.016037904328590348, "split_3": 1, "soft_retain_percentile_3": 0.049039345350172736, "split_4": 1, "soft_retain_percentile_4": 0.7413472544579629, "split_5": 1, "soft_retain_percentile_5": 0.6053365571182117, "split_6": 0, "split_7": 2, "split_8": 0, "split_9": 1, "soft_retain_percentile_9": 0.2744807105304294, "split_10": 1, "soft_retain_percentile_10": 0.8942747113454518, "split_11": 1, "soft_retain_percentile_11": 0.555808941168801, "split_12": 2, "split_13": 1, "soft_retain_percentile_13": 0.9846324529389888}}
{"target": -41.402353, "params": {"split_1": 2, "split_2": 1, "soft_retain_percentile_2": 0.028411846192715598, "split_3": 1, "soft_retain_percentile_3": 0.012660472992719489, "split_4": 1, "soft_retain_percentile_4": 0.7197462803664476, "split_5": 1, "soft_retain_percentile_5": 0.610138255963518, "split_6": 0, "split_7": 2, "split_8": 0, "split_9": 1, "soft_retain_percentile_9": 0.30814109653122973, "split_10": 1, "soft_retain_percentile_10": 0.9932994189378674, "split_11": 1, "soft_retain_percentile_11": 0.547682815996964, "split_12": 2, "split_13": 1, "soft_retain_percentile_13": 0.9939622154441309}}
{"target": -41.447973, "params": {"split_1": 2, "split_2": 1, "soft_retain_percentile_2": 0.05529441584056729, "split_3": 1, "soft_retain_percentile_3": 0.19043207864472103, "split_4": 1, "soft_retain_percentile_4": 0.7265882045999034, "split_5": 1, "soft_retain_percentile_5": 0.6120304278962502, "split_6": 0, "split_7": 2, "split_8": 0, "split_9": 1, "soft_retain_percentile_9": 0.32994073668362023, "split_10": 1, "soft_retain_percentile_10": 0.9836270051598581, "split_11": 1, "soft_retain_percentile_11": 0.5616544239856557, "split_12": 2, "split_13": 1, "soft_retain_percentile_13": 0.9724258387405594}}
{"target": -41.438509, "params": {"split_1": 2, "split_2": 1, "soft_retain_percentile_2": 0.01830338351867261, "split_3": 1, "soft_retain_percentile_3": 0.1666626348328256, "split_4": 1, "soft_retain_percentile_4": 0.7565245909039158, "split_5": 1, "soft_retain_percentile_5": 0.6837021540816132, "split_6": 0, "split_7": 2, "split_8": 0, "split_9": 1, "soft_retain_percentile_9": 0.297528315980065, "split_10": 1, "soft_retain_percentile_10": 0.9997399615358279, "split_11": 1, "soft_retain_percentile_11": 0.6550678387486994, "split_12": 2, "split_13": 1, "soft_retain_percentile_13": 0.8260829977778408}}
{"target": -95.820352, "params": {"split_1": 1, "soft_retain_percentile_1": 0.4329298465330051, "split_2": 1, "soft_retain_percentile_2": 0.16682902565559424, "split_3": 1, "soft_retain_percentile_3": 0.1422729965138208, "split_4": 1, "soft_retain_percentile_4": 0.6659314036813169, "split_5": 1, "soft_retain_percentile_5": 0.77767740020633, "split_6": 0, "split_7": 2, "split_8": 0, "split_9": 1, "soft_retain_percentile_9": 0.25770773136685104, "split_10": 1, "soft_retain_percentile_10": 0.7915489239640641, "split_11": 1, "soft_retain_percentile_11": 0.36748691641245435, "split_12": 2, "split_13": 1, "soft_retain_percentile_13": 0.8449016593284991}}
{"target": -43.316646, "params": {"split_1": 2, "split_2": 1, "soft_retain_percentile_2": 0.16280044834936463, "split_3": 1, "soft_retain_percentile_3": 0.020633622511840564, "split_4": 0, "split_5": 1, "soft_retain_percentile_5": 0.4596934008310737, "split_6": 0, "split_7": 2, "split_8": 0, "split_9": 1, "soft_retain_percentile_9": 0.5163894970765383, "split_10": 1, "soft_retain_percentile_10": 0.8804899454414655, "split_11": 1, "soft_retain_percentile_11": 0.3641621891488379, "split_12": 2, "split_13": 1, "soft_retain_percentile_13": 0.8395943195621958}}
{"target": -1000000000.0, "params": {"split_1": 2, "split_2": 1, "soft_retain_percentile_2": 0.0027513922436887524, "split_3": 1, "soft_retain_percentile_3": 0.3018049895973953, "split_4": 1, "soft_retain_percentile_4": 0.8392588933630281, "split_5": 1, "soft_retain_percentile_5": 0.3159170833174609, "split_6": 0, "split_7": 1, "soft_retain_percentile_7": 0.24683307188769127, "split_8": 0, "split_9": 1, "soft_retain_percentile_9": 0.21738286987981903, "split_10": 0, "split_11": 0, "split_12": 2, "split_13": 2}}
{"target": -65.551377, "params": {"split_1": 1, "soft_retain_percentile_1": 0.5861187772234769, "split_2": 2, "split_3": 1, "soft_retain_percentile_3": 0.13028269678001828, "split_4": 1, "soft_retain_percentile_4": 0.8478901854437619, "split_5": 1, "soft_retain_percentile_5": 0.7584644289153607, "split_6": 0, "split_7": 1, "soft_retain_percentile_7": 0.7460677987636434, "split_8": 0, "split_9": 1, "soft_retain_percentile_9": 0.38967953788788035, "split_10": 1, "soft_retain_percentile_10": 0.7034922765257089, "split_11": 1, "soft_retain_percentile_11": 0.7214913187132902, "split_12": 2, "split_13": 2}}
{"target": -49.090375, "params": {"split_1": 2, "split_2": 1, "soft_retain_percentile_2": 0.20129528218960485, "split_3": 2, "split_4": 2, "split_5": 1, "soft_retain_percentile_5": 0.52020450672864, "split_6": 0, "split_7": 2, "split_8": 0, "split_9": 2, "split_10": 1, "soft_retain_percentile_10": 0.9775547258309647, "split_11": 1, "soft_retain_percentile_11": 0.45654325134164064, "split_12": 2, "split_13": 1, "soft_retain_percentile_13": 0.9794543874533698}}
{"target": -41.191805, "params": {"split_1": 2, "split_2": 1, "soft_retain_percentile_2": 0.004640040189315884, "split_3": 1, "soft_retain_percentile_3": 0.21892254548832374, "split_4": 1, "soft_retain_percentile_4": 0.6393715812059529, "split_5": 1, "soft_retain_percentile_5": 0.6908171632195728, "split_6": 0, "split_7": 2, "split_8": 0, "split_9": 1, "soft_retain_percentile_9": 0.20977826281702375, "split_10": 1, "soft_retain_percentile_10": 0.9911522506744439, "split_11": 1, "soft_retain_percentile_11": 0.6868402610515644, "split_12": 2, "split_13": 1, "soft_retain_percentile_13": 0.7984765459626421}}
{"target": -39.707462, "params": {"split_1": 2, "split_2": 1, "soft_retain_percentile_2": 0.02310746848065215, "split_3": 1, "soft_retain_percentile_3": 0.6347495701958853, "split_4": 0, "split_5": 0, "split_6": 0, "split_7": 0, "split_8": 2, "split_9": 0, "split_10": 0, "split_11": 0, "split_12": 0, "split_13": 1, "soft_retain_percentile_13": 0.0073356744649314964}}
{"target": -41.003186, "params": {"split_1": 2, "split_2": 1, "soft_retain_percentile_2": 0.1254187716186573, "split_3": 1, "soft_retain_percentile_3": 0.47001061496514707, "split_4": 0, "split_5": 0, "split_6": 0, "split_7": 0, "split_8": 2, "split_9": 0, "split_10": 0, "split_11": 0, "split_12": 2, "split_13": 1, "soft_retain_percentile_13": 0.67403578053495}}
{"target": -41.384834, "params": {"split_1": 2, "split_2": 1, "soft_retain_percentile_2": 0.13005437502859551, "split_3": 1, "soft_retain_percentile_3": 0.5831419035034746, "split_4": 0, "split_5": 0, "split_6": 0, "split_7": 0, "split_8": 2, "split_9": 0, "split_10": 0, "split_11": 0, "split_12": 2, "split_13": 1, "soft_retain_percentile_13": 0.6698823289455675}}
{"target": -42.875172, "params": {"split_1": 2, "split_2": 1, "soft_retain_percentile_2": 0.12897329979854405, "split_3": 2, "split_4": 0, "split_5": 0, "split_6": 0, "split_7": 0, "split_8": 2, "split_9": 0, "split_10": 0, "split_11": 0, "split_12": 1, "soft_retain_percentile_12": 0.2956132555317875, "split_13": 1, "soft_retain_percentile_13": 0.6477173790561168}}
{"target": -42.177524, "params": {"split_1": 2, "split_2": 1, "soft_retain_percentile_2": 0.31162335293913124, "split_3": 1, "soft_retain_percentile_3": 0.4185071606322935, "split_4": 0, "split_5": 0, "split_6": 0, "split_7": 0, "split_8": 2, "split_9": 0, "split_10": 0, "split_11": 0, "split_12": 2, "split_13": 1, "soft_retain_percentile_13": 0.2781135877816173}}
{"target": -43.092314, "params": {"split_1": 2, "split_2": 2, "split_3": 1, "soft_retain_percentile_3": 0.7170244967622759, "split_4": 0, "split_5": 0, "split_6": 0, "split_7": 0, "split_8": 2, "split_9": 0, "split_10": 0, "split_11": 0, "split_12": 1, "soft_retain_percentile_12": 0.6530935930772116, "split_13": 2}}
{"target": -42.895372, "params": {"split_1": 2, "split_2": 1, "soft_retain_percentile_2": 0.10803670484156827, "split_3": 2, "split_4": 0, "split_5": 0, "split_6": 0, "split_7": 0, "split_8": 2, "split_9": 0, "split_10": 0, "split_11": 0, "split_12": 0, "split_13": 1, "soft_retain_percentile_13": 0.021747594805959447}}
{"target": -60.666187, "params": {"split_1": 0, "split_2": 2, "split_3": 1, "soft_retain_percentile_3": 0.4396251469408101, "split_4": 0, "split_5": 0, "split_6": 0, "split_7": 0, "split_8": 2, "split_9": 0, "split_10": 0, "split_11": 0, "split_12": 2, "split_13": 2}}
{"target": -81.211495, "params": {"split_1": 1, "soft_retain_percentile_1": 0.305231347923885, "split_2": 1, "soft_retain_percentile_2": 0.24990962880333764, "split_3": 2, "split_4": 0, "split_5": 0, "split_6": 0, "split_7": 0, "split_8": 2, "split_9": 0, "split_10": 0, "split_11": 0, "split_12": 1, "soft_retain_percentile_12": 0.2462682950918298, "split_13": 1, "soft_retain_percentile_13": 0.6023607439545736}}
{"target": -41.394869, "params": {"split_1": 2, "split_2": 1, "soft_retain_percentile_2": 0.11448959935361562, "split_3": 1, "soft_retain_percentile_3": 0.5950927865668512, "split_4": 0, "split_5": 0, "split_6": 0, "split_7": 0, "split_8": 2, "split_9": 0, "split_10": 0, "split_11": 0, "split_12": 2, "split_13": 1, "soft_retain_percentile_13": 0.7461142395463527}}
{"target": -40.10889, "params": {"split_1": 2, "split_2": 1, "soft_retain_percentile_2": 0.10350219139745981, "split_3": 1, "soft_retain_percentile_3": 0.6916699847777671, "split_4": 0, "split_5": 0, "split_6": 0, "split_7": 0, "split_8": 2, "split_9": 0, "split_10": 0, "split_11": 0, "split_12": 2, "split_13": 1, "soft_retain_percentile_13": 0.6211084924890359}}
{"target": -40.125716, "params": {"split_1": 2, "split_2": 1, "soft_retain_percentile_2": 0.10066039049335705, "split_3": 1, "soft_retain_percentile_3": 0.7153692802343157, "split_4": 0, "split_5": 0, "split_6": 0, "split_7": 0, "split_8": 2, "split_9": 0, "split_10": 0, "split_11": 0, "split_12": 2, "split_13": 1, "soft_retain_percentile_13": 0.7747837520411156}}
{"target": -40.120199, "params": {"split_1": 2, "split_2": 1, "soft_retain_percentile_2": 0.21940401985212932, "split_3": 1, "soft_retain_percentile_3": 0.7225364613244705, "split_4": 0, "split_5": 0, "split_6": 0, "split_7": 0, "split_8": 2, "split_9": 0, "split_10": 0, "split_11": 0, "split_12": 2, "split_13": 1, "soft_retain_percentile_13": 0.5648273062566742}}
{"target": -39.504799, "params": {"split_1": 2, "split_2": 1, "soft_retain_percentile_2": 0.209334386287762, "split_3": 1, "soft_retain_percentile_3": 0.7680458500229566, "split_4": 0, "split_5": 0, "split_6": 0, "split_7": 0, "split_8": 2, "split_9": 0, "split_10": 0, "split_11": 0, "split_12": 0, "split_13": 1, "soft_retain_percentile_13": 0.5742147861964642}}
{"target": -39.968208, "params": {"split_1": 2, "split_2": 1, "soft_retain_percentile_2": 0.3711933731469913, "split_3": 1, "soft_retain_percentile_3": 0.7576775686622556, "split_4": 0, "split_5": 0, "split_6": 0, "split_7": 0, "split_8": 2, "split_9": 0, "split_10": 0, "split_11": 0, "split_12": 0, "split_13": 1, "soft_retain_percentile_13": 0.5270232802802497}}
{"target": -42.961713, "params": {"split_1": 2, "split_2": 2, "split_3": 1, "soft_retain_percentile_3": 0.7325176076305546, "split_4": 0, "split_5": 0, "split_6": 0, "split_7": 0, "split_8": 2, "split_9": 0, "split_10": 0, "split_11": 0, "split_12": 0, "split_13": 1, "soft_retain_percentile_13": 0.55893023252904}}
