{"target": -6.729054, "params": {"split_1": 1, "soft_retain_percentile_1": 0.8283771415181462, "split_2": 2, "split_3": 0, "split_4": 0, "split_5": 2, "split_6": 1, "soft_retain_percentile_6": 0.5622762242735493, "split_7": 0, "split_8": 2, "split_9": 1, "soft_retain_percentile_9": 0.513828516618921, "split_10": 0, "split_11": 0, "split_12": 2, "split_13": 1, "soft_retain_percentile_13": 0.14656083305311207}}
{"target": -6.180883, "params": {"split_1": 1, "soft_retain_percentile_1": 0.4314701032163718, "split_2": 2, "split_3": 0, "split_4": 0, "split_5": 0, "split_6": 2, "split_7": 2, "split_8": 1, "soft_retain_percentile_8": 0.7223730371301837, "split_9": 1, "soft_retain_percentile_9": 0.8943670733330203, "split_10": 1, "soft_retain_percentile_10": 0.2832116283131547, "split_11": 1, "soft_retain_percentile_11": 0.8411252858868313, "split_12": 2, "split_13": 0}}
{"target": -7.982361, "params": {"split_1": 1, "soft_retain_percentile_1": 0.1903098987184414, "split_2": 1, "soft_retain_percentile_2": 0.9155110687948569, "split_3": 2, "split_4": 0, "split_5": 0, "split_6": 0, "split_7": 2, "split_8": 2, "split_9": 2, "split_10": 2, "split_11": 0, "split_12": 1, "soft_retain_percentile_12": 0.9868125657560081, "split_13": 0}}
{"target": -8.194673, "params": {"split_1": 0, "split_2": 0, "split_3": 0, "split_4": 0, "split_5": 0, "split_6": 0, "split_7": 0, "split_8": 2, "split_9": 1, "soft_retain_percentile_9": 0.6001581113034261, "split_10": 0, "split_11": 2, "split_12": 0, "split_13": 1, "soft_retain_percentile_13": 0.6358712467125104}}
{"target": -6.164555, "params": {"split_1": 1, "soft_retain_percentile_1": 0.5136486688495039, "split_2": 2, "split_3": 0, "split_4": 1, "soft_retain_percentile_4": 0.20059447686043774, "split_5": 2, "split_6": 0, "split_7": 1, "soft_retain_percentile_7": 0.7486153391671385, "split_8": 0, "split_9": 2, "split_10": 1, "soft_retain_percentile_10": 0.22000553196971173, "split_11": 1, "soft_retain_percentile_11": 0.34462335685375445, "split_12": 1, "soft_retain_percentile_12": 0.554555184679465, "split_13": 1, "soft_retain_percentile_13": 0.9538020971322079}}
{"target": -5.467359, "params": {"split_1": 0, "split_2": 2, "split_3": 0, "split_4": 1, "soft_retain_percentile_4": 0.3433433909123561, "split_5": 1, "soft_retain_percentile_5": 0.08944274930032314, "split_6": 0, "split_7": 0, "split_8": 1, "soft_retain_percentile_8": 0.8046843115923648, "split_9": 1, "soft_retain_percentile_9": 0.05943291922658833, "split_10": 1, "soft_retain_percentile_10": 0.16184429894274344, "split_11": 1, "soft_retain_percentile_11": 0.18260636765774907, "split_12": 0, "split_13": 1, "soft_retain_percentile_13": 0.3710896352181712}}
{"target": -6.425062, "params": {"split_1": 2, "split_2": 1, "soft_retain_percentile_2": 0.6280733795978383, "split_3": 2, "split_4": 2, "split_5": 0, "split_6": 2, "split_7": 2, "split_8": 0, "split_9": 0, "split_10": 1, "soft_retain_percentile_10": 0.6812054436332258, "split_11": 2, "split_12": 0, "split_13": 1, "soft_retain_percentile_13": 0.05854574429949677}}
{"target": -6.229154, "params": {"split_1": 2, "split_2": 2, "split_3": 2, "split_4": 2, "split_5": 0, "split_6": 0, "split_7": 1, "soft_retain_percentile_7": 0.35356502751769114, "split_8": 2, "split_9": 0, "split_10": 2, "split_11": 1, "soft_retain_percentile_11": 0.768270706676093, "split_12": 2, "split_13": 0}}
{"target": -9.256189, "params": {"split_1": 0, "split_2": 0, "split_3": 1, "soft_retain_percentile_3": 0.5646279930870248, "split_4": 0, "split_5": 1, "soft_retain_percentile_5": 0.05969594758884522, "split_6": 2, "split_7": 1, "soft_retain_percentile_7": 0.2774795115978197, "split_8": 0, "split_9": 0, "split_10": 2, "split_11": 0, "split_12": 2, "split_13": 2}}
{"target": -6.302413, "params": {"split_1": 0, "split_2": 2, "split_3": 0, "split_4": 0, "split_5": 1, "soft_retain_percentile_5": 0.06285478037586778, "split_6": 1, "soft_retain_percentile_6": 0.36243544522511517, "split_7": 0, "split_8": 0, "split_9": 1, "soft_retain_percentile_9": 0.6196276600974054, "split_10": 2, "split_11": 2, "split_12": 1, "soft_retain_percentile_12": 0.7307567822630898, "split_13": 2}}
{"target": -5.437575, "params": {"split_1": 2, "split_2": 1, "soft_retain_percentile_2": 0.013719583590708018, "split_3": 1, "soft_retain_percentile_3": 0.007206555568211925, "split_4": 1, "soft_retain_percentile_4": 0.587903955679655, "split_5": 1, "soft_retain_percentile_5": 0.9379154304189773, "split_6": 1, "soft_retain_percentile_6": 0.9573448058075409, "split_7": 1, "soft_retain_percentile_7": 0.9751024092281737, "split_8": 1, "soft_retain_percentile_8": 0.9947934373070275, "split_9": 2, "split_10": 0, "split_11": 1, "soft_retain_percentile_11": 0.001551547400265585, "split_12": 0, "split_13": 2}}
{"target": -5.454414, "params": {"split_1": 2, "split_2": 1, "soft_retain_percentile_2": 0.025245642648047566, "split_3": 1, "soft_retain_percentile_3": 0.014578726644732736, "split_4": 1, "soft_retain_percentile_4": 0.49191235290317703, "split_5": 1, "soft_retain_percentile_5": 0.9945062475843696, "split_6": 1, "soft_retain_percentile_6": 0.9024102982086395, "split_7": 1, "soft_retain_percentile_7": 0.9644964609682587, "split_8": 1, "soft_retain_percentile_8": 0.9780262852464326, "split_9": 2, "split_10": 0, "split_11": 1, "soft_retain_percentile_11": 0.061076952762413206, "split_12": 0, "split_13": 2}}
{"target": -5.439366, "params": {"split_1": 2, "split_2": 1, "soft_retain_percentile_2": 0.010718910741147553, "split_3": 1, "soft_retain_percentile_3": 0.02753222502929941, "split_4": 1, "soft_retain_percentile_4": 0.7841491454650502, "split_5": 1, "soft_retain_percentile_5": 0.9832691759000756, "split_6": 1, "soft_retain_percentile_6": 0.9936527927820141, "split_7": 1, "soft_retain_percentile_7": 0.9866429890243786, "split_8": 1, "soft_retain_percentile_8": 0.9662746851049517, "split_9": 2, "split_10": 0, "split_11": 1, "soft_retain_percentile_11": 0.012400657955635032, "split_12": 0, "split_13": 2}}
{"target": -5.331973, "params": {"split_1": 2, "split_2": 1, "soft_retain_percentile_2": 0.01332004495297827, "split_3": 1, "soft_retain_percentile_3": 0.007145464177791744, "split_4": 1, "soft_retain_percentile_4": 0.9120886783353026, "split_5": 1, "soft_retain_percentile_5": 0.9639144594248447, "split_6": 1, "soft_retain_percentile_6": 0.9773005652878395, "split_7": 1, "soft_retain_percentile_7": 0.9749552541591984, "split_8": 1, "soft_retain_percentile_8": 0.02071430996472773, "split_9": 2, "split_10": 0, "split_11": 1, "soft_retain_percentile_11": 0.007432864979972863, "split_12": 0, "split_13": 2}}
{"target": -5.482546, "params": {"split_1": 2, "split_2": 1, "soft_retain_percentile_2": 0.20296035789275066, "split_3": 1, "soft_retain_percentile_3": 0.020672106027741388, "split_4": 1, "soft_retain_percentile_4": 0.9886821050895389, "split_5": 2, "split_6": 1, "soft_retain_percentile_6": 0.8223002547814984, "split_7": 1, "soft_retain_percentile_7": 0.7424906568771921, "split_8": 1, "soft_retain_percentile_8": 0.02101880676147183, "split_9": 2, "split_10": 0, "split_11": 1, "soft_retain_percentile_11": 0.32032304244787835, "split_12": 1, "soft_retain_percentile_12": 0.024148897509443268, "split_13": 2}}
{"target": -5.390507, "params": {"split_1": 2, "split_2": 0, "split_3": 1, "soft_retain_percentile_3": 0.30286229966711964, "split_4": 2, "split_5": 1, "soft_retain_percentile_5": 0.7225169054358688, "split_6": 1, "soft_retain_percentile_6": 0.7754442454733962, "split_7": 1, "soft_retain_percentile_7": 0.7731580188921965, "split_8": 1, "soft_retain_percentile_8": 0.04486284296490234, "split_9": 2, "split_10": 0, "split_11": 0, "split_12": 0, "split_13": 2}}
{"target": -5.646018, "params": {"split_1": 2, "split_2": 0, "split_3": 1, "soft_retain_percentile_3": 0.37951398331760366, "split_4": 2, "split_5": 1, "soft_retain_percentile_5": 0.6613209769208294, "split_6": 1, "soft_retain_percentile_6": 0.6469885163296277, "split_7": 2, "split_8": 1, "soft_retain_percentile_8": 0.00652158152263789, "split_9": 2, "split_10": 0, "split_11": 0, "split_12": 0, "split_13": 2}}
{"target": -9.558216, "params": {"split_1": 1, "soft_retain_percentile_1": 0.9762106224334206, "split_2": 0, "split_3": 1, "soft_retain_percentile_3": 0.9948046460960158, "split_4": 2, "split_5": 2, "split_6": 2, "split_7": 1, "soft_retain_percentile_7": 0.6799800778165116, "split_8": 1, "soft_retain_percentile_8": 0.250216316622179, "split_9": 2, "split_10": 1, "soft_retain_percentile_10": 0.9913315541734873, "split_11": 0, "split_12": 1, "soft_retain_percentile_12": 0.04170456161096214, "split_13": 2}}
{"target": -5.89861, "params": {"split_1": 2, "split_2": 0, "split_3": 2, "split_4": 2, "split_5": 1, "soft_retain_percentile_5": 0.6667517864862058, "split_6": 1, "soft_retain_percentile_6": 0.027617690649542503, "split_7": 0, "split_8": 0, "split_9": 1, "soft_retain_percentile_9": 0.006540775785475517, "split_10": 0, "split_11": 0, "split_12": 0, "split_13": 1, "soft_retain_percentile_13": 0.9243918135420629}}
{"target": -8.9735, "params": {"split_1": 1, "soft_retain_percentile_1": 0.01246451704562368, "split_2": 0, "split_3": 1, "soft_retain_percentile_3": 0.333329881852092, "split_4": 2, "split_5": 2, "split_6": 2, "split_7": 2, "split_8": 2, "split_9": 2, "split_10": 1, "soft_retain_percentile_10": 0.5650788964999315, "split_11": 2, "split_12": 1, "soft_retain_percentile_12": 0.39737565418855536, "split_13": 2}}
{"target": -6.727898, "params": {"split_1": 2, "split_2": 1, "soft_retain_percentile_2": 0.4198028456879798, "split_3": 2, "split_4": 1, "soft_retain_percentile_4": 0.02255991473293062, "split_5": 1, "soft_retain_percentile_5": 0.7189453182314915, "split_6": 1, "soft_retain_percentile_6": 0.698737236910069, "split_7": 1, "soft_retain_percentile_7": 0.5324829960668078, "split_8": 1, "soft_retain_percentile_8": 0.25883196291648103, "split_9": 2, "split_10": 0, "split_11": 0, "split_12": 0, "split_13": 2}}
{"target": -5.831969, "params": {"split_1": 2, "split_2": 1, "soft_retain_percentile_2": 0.235174055975498, "split_3": 1, "soft_retain_percentile_3": 0.2473454491780204, "split_4": 1, "soft_retain_percentile_4": 0.6547443360847813, "split_5": 1, "soft_retain_percentile_5": 0.8081450187397583, "split_6": 1, "soft_retain_percentile_6": 0.9907139533691488, "split_7": 1, "soft_retain_percentile_7": 0.90832279763826, "split_8": 1, "soft_retain_percentile_8": 0.26537712668101526, "split_9": 2, "split_10": 0, "split_11": 1, "soft_retain_percentile_11": 0.015871770084825973, "split_12": 0, "split_13": 2}}
{"target": -5.391417, "params": {"split_1": 2, "split_2": 1, "soft_retain_percentile_2": 0.173240010903092, "split_3": 1, "soft_retain_percentile_3": 0.20686815318034937, "split_4": 1, "soft_retain_percentile_4": 0.9890438144073834, "split_5": 1, "soft_retain_percentile_5": 0.8416277339068822, "split_6": 1, "soft_retain_percentile_6": 0.8141675607161489, "split_7": 1, "soft_retain_percentile_7": 0.8378956858644815, "split_8": 1, "soft_retain_percentile_8": 0.536810805345669, "split_9": 2, "split_10": 0, "split_11": 1, "soft_retain_percentile_11": 0.2692911583337368, "split_12": 0, "split_13": 2}}
{"target": -5.720407, "params": {"split_1": 2, "split_2": 1, "soft_retain_percentile_2": 0.29472069733883705, "split_3": 1, "soft_retain_percentile_3": 0.21624631099894098, "split_4": 1, "soft_retain_percentile_4": 0.9910008032540585, "split_5": 1, "soft_retain_percentile_5": 0.4870128802077648, "split_6": 1, "soft_retain_percentile_6": 0.7899790733391234, "split_7": 1, "soft_retain_percentile_7": 0.04818207467419128, "split_8": 1, "soft_retain_percentile_8": 0.4739499901374586, "split_9": 2, "split_10": 0, "split_11": 2, "split_12": 0, "split_13": 2}}
{"target": -5.374327, "params": {"split_1": 2, "split_2": 0, "split_3": 1, "soft_retain_percentile_3": 0.5162937889287482, "split_4": 2, "split_5": 1, "soft_retain_percentile_5": 0.8009577533306148, "split_6": 1, "soft_retain_percentile_6": 0.5182539214977073, "split_7": 1, "soft_retain_percentile_7": 0.8114519406921349, "split_8": 1, "soft_retain_percentile_8": 0.1362743191239683, "split_9": 2, "split_10": 0, "split_11": 1, "soft_retain_percentile_11": 0.5172846793549658, "split_12": 0, "split_13": 2}}
{"target": -7.099771, "params": {"split_1": 2, "split_2": 0, "split_3": 1, "soft_retain_percentile_3": 0.5914113385088975, "split_4": 2, "split_5": 1, "soft_retain_percentile_5": 0.5054368964381307, "split_6": 1, "soft_retain_percentile_6": 0.4432970485531031, "split_7": 1, "soft_retain_percentile_7": 0.6134730245171203, "split_8": 1, "soft_retain_percentile_8": 0.13648385437405414, "split_9": 2, "split_10": 0, "split_11": 0, "split_12": 0, "split_13": 2}}
{"target": -6.15523, "params": {"split_1": 2, "split_2": 0, "split_3": 1, "soft_retain_percentile_3": 0.6072751910152051, "split_4": 2, "split_5": 2, "split_6": 2, "split_7": 0, "split_8": 2, "split_9": 1, "soft_retain_percentile_9": 0.9854406581708092, "split_10": 0, "split_11": 1, "soft_retain_percentile_11": 0.5950430451659237, "split_12": 0, "split_13": 1, "soft_retain_percentile_13": 0.5318881452466563}}
{"target": -7.229896, "params": {"split_1": 1, "soft_retain_percentile_1": 0.6151982110719303, "split_2": 0, "split_3": 2, "split_4": 2, "split_5": 0, "split_6": 0, "split_7": 2, "split_8": 0, "split_9": 2, "split_10": 1, "soft_retain_percentile_10": 0.004647063381762462, "split_11": 2, "split_12": 1, "soft_retain_percentile_12": 0.3058237606361284, "split_13": 2}}
{"target": -5.367243, "params": {"split_1": 2, "split_2": 0, "split_3": 1, "soft_retain_percentile_3": 0.7474948223460387, "split_4": 2, "split_5": 1, "soft_retain_percentile_5": 0.8156588586799334, "split_6": 1, "soft_retain_percentile_6": 0.2583802444063683, "split_7": 1, "soft_retain_percentile_7": 0.8149110038575416, "split_8": 1, "soft_retain_percentile_8": 0.12763541014065524, "split_9": 2, "split_10": 0, "split_11": 0, "split_12": 0, "split_13": 2}}
{"target": -9.814714, "params": {"split_1": 1, "soft_retain_percentile_1": 0.27300294168101735, "split_2": 0, "split_3": 0, "split_4": 2, "split_5": 2, "split_6": 1, "soft_retain_percentile_6": 0.20160551083952977, "split_7": 0, "split_8": 2, "split_9": 1, "soft_retain_percentile_9": 0.2745740312416625, "split_10": 0, "split_11": 1, "soft_retain_percentile_11": 0.524708448950195, "split_12": 0, "split_13": 1, "soft_retain_percentile_13": 0.7180394525531595}}
{"target": -5.397626, "params": {"split_1": 2, "split_2": 0, "split_3": 1, "soft_retain_percentile_3": 0.8593961689476991, "split_4": 2, "split_5": 1, "soft_retain_percentile_5": 0.8475147173871895, "split_6": 1, "soft_retain_percentile_6": 0.2892065262991366, "split_7": 1, "soft_retain_percentile_7": 0.8599328737365262, "split_8": 1, "soft_retain_percentile_8": 0.17481124812528023, "split_9": 2, "split_10": 0, "split_11": 0, "split_12": 1, "soft_retain_percentile_12": 0.9729880770058612, "split_13": 2}}
{"target": -5.373219, "params": {"split_1": 2, "split_2": 0, "split_3": 1, "soft_retain_percentile_3": 0.7166739983314729, "split_4": 2, "split_5": 1, "soft_retain_percentile_5": 0.7745728967043682, "split_6": 1, "soft_retain_percentile_6": 0.48952364726548375, "split_7": 1, "soft_retain_percentile_7": 0.8056227409621093, "split_8": 1, "soft_retain_percentile_8": 0.10061513087753399, "split_9": 2, "split_10": 0, "split_11": 0, "split_12": 0, "split_13": 2}}
{"target": -5.38229, "params": {"split_1": 2, "split_2": 0, "split_3": 1, "soft_retain_percentile_3": 0.7467188593900247, "split_4": 2, "split_5": 1, "soft_retain_percentile_5": 0.8575134494936207, "split_6": 1, "soft_retain_percentile_6": 0.5123554226228532, "split_7": 1, "soft_retain_percentile_7": 0.8467727555125981, "split_8": 1, "soft_retain_percentile_8": 0.11410834931071206, "split_9": 2, "split_10": 0, "split_11": 0, "split_12": 0, "split_13": 2}}
{"target": -7.611942, "params": {"split_1": 2, "split_2": 0, "split_3": 1, "soft_retain_percentile_3": 0.7469167427961523, "split_4": 2, "split_5": 1, "soft_retain_percentile_5": 0.5576150789087113, "split_6": 1, "soft_retain_percentile_6": 0.12678546497394672, "split_7": 1, "soft_retain_percentile_7": 0.6252636837534816, "split_8": 1, "soft_retain_percentile_8": 0.3883334343053248, "split_9": 2, "split_10": 0, "split_11": 0, "split_12": 0, "split_13": 2}}
{"target": -5.35946, "params": {"split_1": 2, "split_2": 0, "split_3": 1, "soft_retain_percentile_3": 0.47522442612152616, "split_4": 2, "split_5": 0, "split_6": 1, "soft_retain_percentile_6": 0.3866877508811019, "split_7": 1, "soft_retain_percentile_7": 0.8052518016265131, "split_8": 1, "soft_retain_percentile_8": 0.1356772131413604, "split_9": 2, "split_10": 0, "split_11": 0, "split_12": 0, "split_13": 2}}
{"target": -8.255103, "params": {"split_1": 1, "soft_retain_percentile_1": 0.7095889919110674, "split_2": 0, "split_3": 0, "split_4": 0, "split_5": 0, "split_6": 0, "split_7": 1, "soft_retain_percentile_7": 0.8998897910608971, "split_8": 1, "soft_retain_percentile_8": 0.2324729333954002, "split_9": 2, "split_10": 0, "split_11": 0, "split_12": 0, "split_13": 2}}
{"target": -6.031225, "params": {"split_1": 2, "split_2": 0, "split_3": 1, "soft_retain_percentile_3": 0.7462762097311071, "split_4": 2, "split_5": 0, "split_6": 0, "split_7": 2, "split_8": 1, "soft_retain_percentile_8": 0.09103214206455432, "split_9": 1, "soft_retain_percentile_9": 0.26481037831092535, "split_10": 1, "soft_retain_percentile_10": 0.8877053866192838, "split_11": 0, "split_12": 0, "split_13": 2}}
{"target": -5.345629, "params": {"split_1": 2, "split_2": 1, "soft_retain_percentile_2": 0.9770096473377051, "split_3": 0, "split_4": 2, "split_5": 0, "split_6": 1, "soft_retain_percentile_6": 0.3359442642056847, "split_7": 0, "split_8": 1, "soft_retain_percentile_8": 0.19279492643322316, "split_9": 2, "split_10": 0, "split_11": 0, "split_12": 0, "split_13": 0}}
{"target": -8.50969, "params": {"split_1": 1, "soft_retain_percentile_1": 0.047258385050884144, "split_2": 1, "soft_retain_percentile_2": 0.9875326226630321, "split_3": 0, "split_4": 0, "split_5": 0, "split_6": 2, "split_7": 0, "split_8": 2, "split_9": 2, "split_10": 0, "split_11": 0, "split_12": 0, "split_13": 0}}
{"target": -6.25066, "params": {"split_1": 2, "split_2": 2, "split_3": 0, "split_4": 1, "soft_retain_percentile_4": 0.04125431495245957, "split_5": 0, "split_6": 1, "soft_retain_percentile_6": 0.32772037847670993, "split_7": 0, "split_8": 0, "split_9": 1, "soft_retain_percentile_9": 0.8438316451359397, "split_10": 1, "soft_retain_percentile_10": 0.492050837715392, "split_11": 0, "split_12": 0, "split_13": 0}}
{"target": -5.433464, "params": {"split_1": 2, "split_2": 1, "soft_retain_percentile_2": 0.7484718040262235, "split_3": 0, "split_4": 2, "split_5": 0, "split_6": 0, "split_7": 0, "split_8": 2, "split_9": 2, "split_10": 0, "split_11": 0, "split_12": 1, "soft_retain_percentile_12": 0.7341206096201157, "split_13": 0}}
{"target": -5.694455, "params": {"split_1": 2, "split_2": 1, "soft_retain_percentile_2": 0.5624928152831667, "split_3": 2, "split_4": 2, "split_5": 0, "split_6": 1, "soft_retain_percentile_6": 0.23980898637059128, "split_7": 2, "split_8": 1, "soft_retain_percentile_8": 0.1830309782955061, "split_9": 2, "split_10": 0, "split_11": 0, "split_12": 0, "split_13": 1, "soft_retain_percentile_13": 0.3009329143663599}}
{"target": -6.541749, "params": {"split_1": 2, "split_2": 2, "split_3": 0, "split_4": 2, "split_5": 0, "split_6": 1, "soft_retain_percentile_6": 0.4053359349416007, "split_7": 1, "soft_retain_percentile_7": 0.6948255000966214, "split_8": 1, "soft_retain_percentile_8": 0.34183680573712616, "split_9": 2, "split_10": 0, "split_11": 0, "split_12": 0, "split_13": 0}}
{"target": -5.351464, "params": {"split_1": 2, "split_2": 1, "soft_retain_percentile_2": 0.8531351703620018, "split_3": 1, "soft_retain_percentile_3": 0.4390104019591397, "split_4": 2, "split_5": 0, "split_6": 1, "soft_retain_percentile_6": 0.16020335117859955, "split_7": 0, "split_8": 1, "soft_retain_percentile_8": 0.08292635796138625, "split_9": 2, "split_10": 0, "split_11": 0, "split_12": 0, "split_13": 1, "soft_retain_percentile_13": 0.7873371653164274}}
{"target": -5.415665, "params": {"split_1": 2, "split_2": 1, "soft_retain_percentile_2": 0.8569848465834043, "split_3": 2, "split_4": 2, "split_5": 0, "split_6": 1, "soft_retain_percentile_6": 0.16539466935257696, "split_7": 0, "split_8": 1, "soft_retain_percentile_8": 0.059264982097082274, "split_9": 2, "split_10": 0, "split_11": 0, "split_12": 0, "split_13": 1, "soft_retain_percentile_13": 0.7931014990067745}}
{"target": -5.347578, "params": {"split_1": 2, "split_2": 1, "soft_retain_percentile_2": 0.7993646180999576, "split_3": 0, "split_4": 2, "split_5": 0, "split_6": 1, "soft_retain_percentile_6": 0.05569476764920213, "split_7": 0, "split_8": 1, "soft_retain_percentile_8": 0.1806648317374193, "split_9": 2, "split_10": 0, "split_11": 0, "split_12": 0, "split_13": 1, "soft_retain_percentile_13": 0.49294899913536927}}
{"target": -6.35999, "params": {"split_1": 2, "split_2": 1, "soft_retain_percentile_2": 0.8092143571771384, "split_3": 0, "split_4": 1, "soft_retain_percentile_4": 0.7991695061302001, "split_5": 0, "split_6": 1, "soft_retain_percentile_6": 0.004467553927646389, "split_7": 0, "split_8": 0, "split_9": 0, "split_10": 0, "split_11": 0, "split_12": 0, "split_13": 0}}
{"target": -5.409262, "params": {"split_1": 2, "split_2": 1, "soft_retain_percentile_2": 0.9981751867599259, "split_3": 0, "split_4": 2, "split_5": 0, "split_6": 1, "soft_retain_percentile_6": 0.09495231213303953, "split_7": 0, "split_8": 1, "soft_retain_percentile_8": 0.350412329595912, "split_9": 2, "split_10": 0, "split_11": 0, "split_12": 2, "split_13": 1, "soft_retain_percentile_13": 0.4812210500514813}}
