{"target": -40.727927, "params": {"split_1": 2, "split_2": 1, "soft_retain_percentile_2": 0.35250821753684675, "split_3": 1, "soft_retain_percentile_3": 0.8048351480307607, "split_4": 0, "split_5": 0, "split_6": 0, "split_7": 0, "split_8": 2, "split_9": 0, "split_10": 0, "split_11": 0, "split_12": 0, "split_13": 1, "soft_retain_percentile_13": 0.5192468821343329}}
{"target": -41.691417, "params": {"split_1": 2, "split_2": 0, "split_3": 0, "split_4": 0, "split_5": 0, "split_6": 1, "soft_retain_percentile_6": 0.11178576504461918, "split_7": 0, "split_8": 2, "split_9": 0, "split_10": 0, "split_11": 0, "split_12": 0, "split_13": 1, "soft_retain_percentile_13": 0.339824525568178}}
{"target": -86.301974, "params": {"split_1": 0, "split_2": 1, "soft_retain_percentile_2": 0.44793124189140726, "split_3": 1, "soft_retain_percentile_3": 0.7926193608241292, "split_4": 0, "split_5": 0, "split_6": 0, "split_7": 0, "split_8": 2, "split_9": 0, "split_10": 0, "split_11": 0, "split_12": 0, "split_13": 1, "soft_retain_percentile_13": 0.1509801356693139}}
{"target": -39.687117, "params": {"split_1": 2, "split_2": 1, "soft_retain_percentile_2": 0.21118101464666167, "split_3": 1, "soft_retain_percentile_3": 0.6900865491639224, "split_4": 0, "split_5": 0, "split_6": 0, "split_7": 0, "split_8": 2, "split_9": 0, "split_10": 0, "split_11": 0, "split_12": 0, "split_13": 1, "soft_retain_percentile_13": 0.6004003938293214}}
{"target": -40.035425, "params": {"split_1": 2, "split_2": 1, "soft_retain_percentile_2": 0.36344823389887676, "split_3": 1, "soft_retain_percentile_3": 0.6656300397857485, "split_4": 0, "split_5": 0, "split_6": 0, "split_7": 0, "split_8": 2, "split_9": 0, "split_10": 0, "split_11": 0, "split_12": 0, "split_13": 1, "soft_retain_percentile_13": 0.5568854929872067}}
{"target": -39.701969, "params": {"split_1": 2, "split_2": 1, "soft_retain_percentile_2": 0.48296941868596344, "split_3": 1, "soft_retain_percentile_3": 0.6506597032520202, "split_4": 0, "split_5": 0, "split_6": 0, "split_7": 0, "split_8": 2, "split_9": 0, "split_10": 0, "split_11": 0, "split_12": 0, "split_13": 1, "soft_retain_percentile_13": 0.6060893061323626}}
{"target": -39.693792, "params": {"split_1": 2, "split_2": 1, "soft_retain_percentile_2": 0.5005376818098167, "split_3": 1, "soft_retain_percentile_3": 0.6502865871607674, "split_4": 0, "split_5": 0, "split_6": 0, "split_7": 0, "split_8": 2, "split_9": 0, "split_10": 0, "split_11": 0, "split_12": 0, "split_13": 1, "soft_retain_percentile_13": 0.5057870804612592}}
{"target": -39.705219, "params": {"split_1": 2, "split_2": 1, "soft_retain_percentile_2": 0.5063055768305743, "split_3": 1, "soft_retain_percentile_3": 0.818577056927804, "split_4": 0, "split_5": 0, "split_6": 0, "split_7": 0, "split_8": 2, "split_9": 0, "split_10": 0, "split_11": 0, "split_12": 0, "split_13": 1, "soft_retain_percentile_13": 0.4881263847299692}}
{"target": -39.709607, "params": {"split_1": 2, "split_2": 1, "soft_retain_percentile_2": 0.5175875822936236, "split_3": 1, "soft_retain_percentile_3": 0.8767545967504639, "split_4": 0, "split_5": 0, "split_6": 0, "split_7": 0, "split_8": 2, "split_9": 0, "split_10": 0, "split_11": 0, "split_12": 0, "split_13": 1, "soft_retain_percentile_13": 0.39020281914030863}}
{"target": -39.731087, "params": {"split_1": 2, "split_2": 1, "soft_retain_percentile_2": 0.582141212445491, "split_3": 1, "soft_retain_percentile_3": 0.634634057182308, "split_4": 0, "split_5": 0, "split_6": 0, "split_7": 0, "split_8": 2, "split_9": 0, "split_10": 0, "split_11": 0, "split_12": 0, "split_13": 1, "soft_retain_percentile_13": 0.47677825496516807}}
{"target": -41.580025, "params": {"split_1": 2, "split_2": 0, "split_3": 0, "split_4": 0, "split_5": 0, "split_6": 0, "split_7": 0, "split_8": 2, "split_9": 0, "split_10": 0, "split_11": 0, "split_12": 0, "split_13": 1, "soft_retain_percentile_13": 0.47435665730613474}}
{"target": -76.432861, "params": {"split_1": 1, "soft_retain_percentile_1": 0.701331183435149, "split_2": 1, "soft_retain_percentile_2": 0.7498563150368481, "split_3": 1, "soft_retain_percentile_3": 0.5346855032172061, "split_4": 0, "split_5": 0, "split_6": 1, "soft_retain_percentile_6": 0.0636642729257419, "split_7": 0, "split_8": 2, "split_9": 0, "split_10": 0, "split_11": 0, "split_12": 0, "split_13": 1, "soft_retain_percentile_13": 0.23427150391126284}}
